<?xml version="1.0" encoding="UTF-8"?>
<testng-results ignored="0" total="9" passed="9" failed="0" skipped="0">
  <reporter-output>
  </reporter-output>
  <suite started-at="2022-11-14T15:44:05 IST" name=" ohrm Application" finished-at="2022-11-14T15:44:33 IST" duration-ms="27329">
    <groups>
    </groups>
    <test started-at="2022-11-14T15:44:05 IST" name="login test" finished-at="2022-11-14T15:44:12 IST" duration-ms="6318">
      <class name="com.TestNG.OHRM_TestNG_Login">
        <test-method is-config="true" signature="OHRMApplicationLaunch()[pri:0, instance:com.TestNG.OHRM_TestNG_Login@120f102b]" started-at="2022-11-14T15:44:05 IST" name="OHRMApplicationLaunch" finished-at="2022-11-14T15:44:08 IST" duration-ms="2570" status="PASS">
          <reporter-output>
          </reporter-output>
        </test-method> <!-- OHRMApplicationLaunch -->
        <test-method signature="LoginTest()[pri:1, instance:com.TestNG.OHRM_TestNG_Login@120f102b]" started-at="2022-11-14T15:44:08 IST" name="LoginTest" finished-at="2022-11-14T15:44:10 IST" duration-ms="2332" status="PASS">
          <reporter-output>
          </reporter-output>
        </test-method> <!-- LoginTest -->
        <test-method signature="welcomeAdminTest()[pri:2, instance:com.TestNG.OHRM_TestNG_Login@120f102b]" started-at="2022-11-14T15:44:10 IST" name="welcomeAdminTest" finished-at="2022-11-14T15:44:10 IST" duration-ms="87" status="PASS">
          <reporter-output>
          </reporter-output>
        </test-method> <!-- welcomeAdminTest -->
        <test-method signature="LogoutTest()[pri:3, instance:com.TestNG.OHRM_TestNG_Login@120f102b]" started-at="2022-11-14T15:44:10 IST" name="LogoutTest" finished-at="2022-11-14T15:44:12 IST" duration-ms="1121" status="PASS">
          <reporter-output>
          </reporter-output>
        </test-method> <!-- LogoutTest -->
        <test-method is-config="true" signature="OHRMApplicationClose()[pri:0, instance:com.TestNG.OHRM_TestNG_Login@120f102b]" started-at="2022-11-14T15:44:12 IST" name="OHRMApplicationClose" finished-at="2022-11-14T15:44:12 IST" duration-ms="151" status="PASS">
          <reporter-output>
          </reporter-output>
        </test-method> <!-- OHRMApplicationClose -->
      </class> <!-- com.TestNG.OHRM_TestNG_Login -->
    </test> <!-- login test -->
    <test started-at="2022-11-14T15:44:12 IST" name="EmployeeList" finished-at="2022-11-14T15:44:33 IST" duration-ms="20933">
      <class name="com.TestNG.OHRM_EmployeeList_Excel_TestNG">
        <test-method is-config="true" signature="OHRMApplicationLaunch()[pri:0, instance:com.TestNG.OHRM_EmployeeList_Excel_TestNG@3d6f0054]" started-at="2022-11-14T15:44:12 IST" name="OHRMApplicationLaunch" finished-at="2022-11-14T15:44:14 IST" duration-ms="1761" status="PASS">
          <reporter-output>
          </reporter-output>
        </test-method> <!-- OHRMApplicationLaunch -->
        <test-method signature="LoginTest()[pri:1, instance:com.TestNG.OHRM_EmployeeList_Excel_TestNG@3d6f0054]" started-at="2022-11-14T15:44:14 IST" name="LoginTest" finished-at="2022-11-14T15:44:16 IST" duration-ms="2225" status="PASS">
          <reporter-output>
          </reporter-output>
        </test-method> <!-- LoginTest -->
        <test-method signature="PIM_Test()[pri:2, instance:com.TestNG.OHRM_EmployeeList_Excel_TestNG@3d6f0054]" started-at="2022-11-14T15:44:16 IST" name="PIM_Test" finished-at="2022-11-14T15:44:16 IST" duration-ms="322" status="PASS">
          <reporter-output>
          </reporter-output>
        </test-method> <!-- PIM_Test -->
        <test-method signature="EmployeeList_Test()[pri:3, instance:com.TestNG.OHRM_EmployeeList_Excel_TestNG@3d6f0054]" started-at="2022-11-14T15:44:16 IST" name="EmployeeList_Test" finished-at="2022-11-14T15:44:17 IST" duration-ms="1078" status="PASS">
          <reporter-output>
          </reporter-output>
        </test-method> <!-- EmployeeList_Test -->
        <test-method signature="CapturingEmployeeList_To_Excel_Test()[pri:4, instance:com.TestNG.OHRM_EmployeeList_Excel_TestNG@3d6f0054]" started-at="2022-11-14T15:44:17 IST" name="CapturingEmployeeList_To_Excel_Test" finished-at="2022-11-14T15:44:31 IST" duration-ms="13981" status="PASS">
          <reporter-output>
          </reporter-output>
        </test-method> <!-- CapturingEmployeeList_To_Excel_Test -->
        <test-method signature="welcomeAdminTest()[pri:5, instance:com.TestNG.OHRM_EmployeeList_Excel_TestNG@3d6f0054]" started-at="2022-11-14T15:44:31 IST" name="welcomeAdminTest" finished-at="2022-11-14T15:44:31 IST" duration-ms="75" status="PASS">
          <reporter-output>
          </reporter-output>
        </test-method> <!-- welcomeAdminTest -->
        <test-method signature="LogoutTest()[pri:6, instance:com.TestNG.OHRM_EmployeeList_Excel_TestNG@3d6f0054]" started-at="2022-11-14T15:44:31 IST" name="LogoutTest" finished-at="2022-11-14T15:44:33 IST" duration-ms="1397" status="PASS">
          <reporter-output>
          </reporter-output>
        </test-method> <!-- LogoutTest -->
        <test-method is-config="true" signature="OHRMApplicationClose()[pri:0, instance:com.TestNG.OHRM_EmployeeList_Excel_TestNG@3d6f0054]" started-at="2022-11-14T15:44:33 IST" name="OHRMApplicationClose" finished-at="2022-11-14T15:44:33 IST" duration-ms="79" status="PASS">
          <reporter-output>
          </reporter-output>
        </test-method> <!-- OHRMApplicationClose -->
      </class> <!-- com.TestNG.OHRM_EmployeeList_Excel_TestNG -->
    </test> <!-- EmployeeList -->
  </suite> <!--  ohrm Application -->
</testng-results>
