<?xml version="1.0" encoding="UTF-8"?>
<!-- Generated by org.testng.reporters.JUnitXMLReporter -->
<testsuite ignored="0" hostname="LAPTOP-9TVVSMMO" failures="0" tests="6" name="EmployeeList" time="20.933" errors="0" timestamp="2022-11-14T15:44:33 IST">
  <testcase classname="com.TestNG.OHRM_EmployeeList_Excel_TestNG" name="LoginTest" time="2.225"/>
  <testcase classname="com.TestNG.OHRM_EmployeeList_Excel_TestNG" name="PIM_Test" time="0.322"/>
  <testcase classname="com.TestNG.OHRM_EmployeeList_Excel_TestNG" name="EmployeeList_Test" time="1.078"/>
  <testcase classname="com.TestNG.OHRM_EmployeeList_Excel_TestNG" name="CapturingEmployeeList_To_Excel_Test" time="13.981"/>
  <testcase classname="com.TestNG.OHRM_EmployeeList_Excel_TestNG" name="welcomeAdminTest" time="0.075"/>
  <testcase classname="com.TestNG.OHRM_EmployeeList_Excel_TestNG" name="LogoutTest" time="1.397"/>
</testsuite> <!-- EmployeeList -->
