<?xml version="1.0" encoding="UTF-8"?>
<!-- Generated by org.testng.reporters.JUnitXMLReporter -->
<testsuite ignored="0" hostname="LAPTOP-9TVVSMMO" failures="0" tests="3" name="login test" time="6.318" errors="0" timestamp="2022-11-14T15:44:12 IST">
  <testcase classname="com.TestNG.OHRM_TestNG_Login" name="LoginTest" time="2.332"/>
  <testcase classname="com.TestNG.OHRM_TestNG_Login" name="welcomeAdminTest" time="0.087"/>
  <testcase classname="com.TestNG.OHRM_TestNG_Login" name="LogoutTest" time="1.121"/>
</testsuite> <!-- login test -->
