<?xml version="1.0" encoding="UTF-8"?>
<testng-results ignored="0" total="2" passed="2" failed="0" skipped="0">
  <reporter-output>
  </reporter-output>
  <suite started-at="2022-11-15T19:12:33 IST" name="ohrmApplication Maven Project" finished-at="2022-11-15T19:12:39 IST" duration-ms="6279">
    <groups>
    </groups>
    <test started-at="2022-11-15T19:12:33 IST" name=" loginTest" finished-at="2022-11-15T19:12:39 IST" duration-ms="6279">
      <class name="com.OHRMTestCases.LogInTest">
        <test-method is-config="true" signature="setUp()[pri:0, instance:com.OHRMTestCases.LogInTest@a530d0a]" started-at="2022-11-15T19:12:33 IST" name="setUp" finished-at="2022-11-15T19:12:35 IST" duration-ms="2250" status="PASS">
          <reporter-output>
          </reporter-output>
        </test-method> <!-- setUp -->
        <test-method signature="OHRM_logInTest()[pri:1, instance:com.OHRMTestCases.LogInTest@a530d0a]" started-at="2022-11-15T19:12:35 IST" name="OHRM_logInTest" finished-at="2022-11-15T19:12:38 IST" duration-ms="2626" status="PASS">
          <reporter-output>
          </reporter-output>
        </test-method> <!-- OHRM_logInTest -->
        <test-method signature="logOutTest()[pri:2, instance:com.OHRMTestCases.LogInTest@a530d0a]" started-at="2022-11-15T19:12:38 IST" name="logOutTest" finished-at="2022-11-15T19:12:39 IST" duration-ms="1119" status="PASS">
          <reporter-output>
          </reporter-output>
        </test-method> <!-- logOutTest -->
        <test-method is-config="true" signature="tearDown()[pri:0, instance:com.OHRMTestCases.LogInTest@a530d0a]" started-at="2022-11-15T19:12:39 IST" name="tearDown" finished-at="2022-11-15T19:12:39 IST" duration-ms="232" status="PASS">
          <reporter-output>
          </reporter-output>
        </test-method> <!-- tearDown -->
      </class> <!-- com.OHRMTestCases.LogInTest -->
    </test> <!--  loginTest -->
  </suite> <!-- ohrmApplication Maven Project -->
</testng-results>
